<?xml version="1.0" encoding="UTF-8"?>
<testng-results ignored="0" total="2" passed="2" failed="0" skipped="0">
  <reporter-output>
  </reporter-output>
  <suite started-at="2018-05-19T03:45:42Z" name="Default suite" finished-at="2018-05-19T03:46:07Z" duration-ms="24534">
    <groups>
    </groups>
    <test started-at="2018-05-19T03:45:42Z" name="Default test" finished-at="2018-05-19T03:46:07Z" duration-ms="24534">
      <class name="TestNGHwPractice.SignUpWorkingTest">
        <test-method is-config="true" signature="beforeClass()[pri:0, instance:TestNGHwPractice.SignUpWorkingTest@33c911a1]" started-at="2018-05-19T03:45:42Z" name="beforeClass" finished-at="2018-05-19T03:45:47Z" duration-ms="5358" status="PASS">
          <reporter-output>
          </reporter-output>
        </test-method> <!-- beforeClass -->
        <test-method signature="signUpPage()[pri:0, instance:TestNGHwPractice.SignUpWorkingTest@33c911a1]" started-at="2018-05-19T03:45:47Z" name="signUpPage" finished-at="2018-05-19T03:45:56Z" duration-ms="8125" status="PASS">
          <reporter-output>
          </reporter-output>
        </test-method> <!-- signUpPage -->
        <test-method signature="contactForm()[pri:1, instance:TestNGHwPractice.SignUpWorkingTest@33c911a1]" started-at="2018-05-19T03:45:56Z" name="contactForm" finished-at="2018-05-19T03:46:03Z" duration-ms="7238" status="PASS">
          <reporter-output>
          </reporter-output>
        </test-method> <!-- contactForm -->
        <test-method is-config="true" signature="tearDown()[pri:0, instance:TestNGHwPractice.SignUpWorkingTest@33c911a1]" started-at="2018-05-19T03:46:03Z" name="tearDown" finished-at="2018-05-19T03:46:07Z" duration-ms="3782" status="PASS">
          <reporter-output>
          </reporter-output>
        </test-method> <!-- tearDown -->
      </class> <!-- TestNGHwPractice.SignUpWorkingTest -->
    </test> <!-- Default test -->
  </suite> <!-- Default suite -->
</testng-results>
